# JRE version: OpenJDK Runtime Environment Temurin-17.0.7+7 (17.0.7+7) (build 17.0.7+7)
# Java VM: OpenJDK 64-Bit Server VM Temurin-17.0.7+7 (17.0.7+7, mixed mode, emulated-client, tiered, compressed oops, compressed class ptrs, g1 gc, windows-amd64)
GC Precious Log:
 CPUs: 12 total, 12 available
 Memory: 7549M
 Large Page Support: Disabled
 NUMA Support: Disabled
 Compressed Oops: Enabled (32-bit)
 Heap Region Size: 1M
 Heap Min Capacity: 8M
 Heap Initial Capacity: 118M
 Heap Max Capacity: 1G
 Pre-touch: Disabled
 Parallel Workers: 10
 Concurrent Workers: 3
 Concurrent Refinement Workers: 10
 Periodic GC: Disabled
Heap:
 garbage-first heap   total 150528K, used 44864K [0x00000000c0000000, 0x0000000100000000)
  region size 1024K, 1 young (1024K), 0 survivors (0K)
 Metaspace       used 67988K, committed 68416K, reserved 1114112K
  class space    used 9255K, committed 9472K, reserved 1048576K
GC Heap History (20 events):
Event: 17540.292 GC heap before
{Heap before GC invocations=1276 (full 1179):
 garbage-first heap   total 150528K, used 44864K [0x00000000c0000000, 0x0000000100000000)
  region size 1024K, 1 young (1024K), 0 survivors (0K)
 Metaspace       used 67988K, committed 68416K, reserved 1114112K
  class space    used 9255K, committed 9472K, reserved 1048576K
}
Event: 17540.349 GC heap after
{Heap after GC invocations=1277 (full 1180):
 garbage-first heap   total 150528K, used 44864K [0x00000000c0000000, 0x0000000100000000)
  region size 1024K, 0 young (0K), 0 survivors (0K)
 Metaspace       used 67988K, committed 68416K, reserved 1114112K
  class space    used 9255K, committed 9472K, reserved 1048576K
}
Event: 17550.766 GC heap before
{Heap before GC invocations=1277 (full 1180):
 garbage-first heap   total 150528K, used 44864K [0x00000000c0000000, 0x0000000100000000)
  region size 1024K, 1 young (1024K), 0 survivors (0K)
 Metaspace       used 67988K, committed 68416K, reserved 1114112K
  class space    used 9255K, committed 9472K, reserved 1048576K
}
Event: 17550.831 GC heap after
{Heap after GC invocations=1278 (full 1181):
 garbage-first heap   total 150528K, used 44864K [0x00000000c0000000, 0x0000000100000000)
  region size 1024K, 0 young (0K), 0 survivors (0K)
 Metaspace       used 67988K, committed 68416K, reserved 1114112K
  class space    used 9255K, committed 9472K, reserved 1048576K
}
Event: 17561.175 GC heap before
{Heap before GC invocations=1278 (full 1181):
 garbage-first heap   total 150528K, used 44864K [0x00000000c0000000, 0x0000000100000000)
  region size 1024K, 1 young (1024K), 0 survivors (0K)
 Metaspace       used 67988K, committed 68416K, reserved 1114112K
  class space    used 9255K, committed 9472K, reserved 1048576K
}
Event: 17561.235 GC heap after
{Heap after GC invocations=1279 (full 1182):
 garbage-first heap   total 150528K, used 44864K [0x00000000c0000000, 0x0000000100000000)
  region size 1024K, 0 young (0K), 0 survivors (0K)
 Metaspace       used 67988K, committed 68416K, reserved 1114112K
  class space    used 9255K, committed 9472K, reserved 1048576K
}
Event: 17571.650 GC heap before
{Heap before GC invocations=1279 (full 1182):
 garbage-first heap   total 150528K, used 44864K [0x00000000c0000000, 0x0000000100000000)
  region size 1024K, 1 young (1024K), 0 survivors (0K)
 Metaspace       used 67988K, committed 68416K, reserved 1114112K
  class space    used 9255K, committed 9472K, reserved 1048576K
}
Event: 17571.710 GC heap after
{Heap after GC invocations=1280 (full 1183):
 garbage-first heap   total 150528K, used 44864K [0x00000000c0000000, 0x0000000100000000)
  region size 1024K, 0 young (0K), 0 survivors (0K)
 Metaspace       used 67988K, committed 68416K, reserved 1114112K
  class space    used 9255K, committed 9472K, reserved 1048576K
}
Event: 17582.230 GC heap before
{Heap before GC invocations=1280 (full 1183):
 garbage-first heap   total 150528K, used 44864K [0x00000000c0000000, 0x0000000100000000)
  region size 1024K, 1 young (1024K), 0 survivors (0K)
 Metaspace       used 67988K, committed 68416K, reserved 1114112K
  class space    used 9255K, committed 9472K, reserved 1048576K
}
Event: 17582.302 GC heap after
{Heap after GC invocations=1281 (full 1184):
 garbage-first heap   total 150528K, used 44864K [0x00000000c0000000, 0x0000000100000000)
  region size 1024K, 0 young (0K), 0 survivors (0K)
 Metaspace       used 67988K, committed 68416K, reserved 1114112K
  class space    used 9255K, committed 9472K, reserved 1048576K
}
Event: 17592.685 GC heap before
{Heap before GC invocations=1281 (full 1184):
 garbage-first heap   total 150528K, used 44864K [0x00000000c0000000, 0x0000000100000000)
  region size 1024K, 1 young (1024K), 0 survivors (0K)
 Metaspace       used 67988K, committed 68416K, reserved 1114112K
  class space    used 9255K, committed 9472K, reserved 1048576K
}
Event: 17592.855 GC heap after
{Heap after GC invocations=1282 (full 1185):
 garbage-first heap   total 150528K, used 44864K [0x00000000c0000000, 0x0000000100000000)
  region size 1024K, 0 young (0K), 0 survivors (0K)
 Metaspace       used 67988K, committed 68416K, reserved 1114112K
  class space    used 9255K, committed 9472K, reserved 1048576K
}
Event: 17603.360 GC heap before
{Heap before GC invocations=1282 (full 1185):
 garbage-first heap   total 150528K, used 44864K [0x00000000c0000000, 0x0000000100000000)
  region size 1024K, 1 young (1024K), 0 survivors (0K)
 Metaspace       used 67988K, committed 68416K, reserved 1114112K
  class space    used 9255K, committed 9472K, reserved 1048576K
}
Event: 17603.431 GC heap after
{Heap after GC invocations=1283 (full 1186):
 garbage-first heap   total 150528K, used 44864K [0x00000000c0000000, 0x0000000100000000)
  region size 1024K, 0 young (0K), 0 survivors (0K)
 Metaspace       used 67988K, committed 68416K, reserved 1114112K
  class space    used 9255K, committed 9472K, reserved 1048576K
}
Event: 17614.022 GC heap before
{Heap before GC invocations=1283 (full 1186):
 garbage-first heap   total 150528K, used 44864K [0x00000000c0000000, 0x0000000100000000)
  region size 1024K, 1 young (1024K), 0 survivors (0K)
 Metaspace       used 67988K, committed 68416K, reserved 1114112K
  class space    used 9255K, committed 9472K, reserved 1048576K
}
Event: 17614.083 GC heap after
{Heap after GC invocations=1284 (full 1187):
 garbage-first heap   total 150528K, used 44864K [0x00000000c0000000, 0x0000000100000000)
  region size 1024K, 0 young (0K), 0 survivors (0K)
 Metaspace       used 67988K, committed 68416K, reserved 1114112K
  class space    used 9255K, committed 9472K, reserved 1048576K
}
Event: 17624.500 GC heap before
{Heap before GC invocations=1284 (full 1187):
 garbage-first heap   total 150528K, used 44864K [0x00000000c0000000, 0x0000000100000000)
  region size 1024K, 1 young (1024K), 0 survivors (0K)
 Metaspace       used 67988K, committed 68416K, reserved 1114112K
  class space    used 9255K, committed 9472K, reserved 1048576K
}
Event: 17624.555 GC heap after
{Heap after GC invocations=1285 (full 1188):
 garbage-first heap   total 150528K, used 44864K [0x00000000c0000000, 0x0000000100000000)
  region size 1024K, 0 young (0K), 0 survivors (0K)
 Metaspace       used 67988K, committed 68416K, reserved 1114112K
  class space    used 9255K, committed 9472K, reserved 1048576K
}
Event: 17634.889 GC heap before
{Heap before GC invocations=1285 (full 1188):
 garbage-first heap   total 150528K, used 44864K [0x00000000c0000000, 0x0000000100000000)
  region size 1024K, 1 young (1024K), 0 survivors (0K)
 Metaspace       used 67988K, committed 68416K, reserved 1114112K
  class space    used 9255K, committed 9472K, reserved 1048576K
}
Event: 17634.950 GC heap after
{Heap after GC invocations=1286 (full 1189):
 garbage-first heap   total 150528K, used 44864K [0x00000000c0000000, 0x0000000100000000)
  region size 1024K, 0 young (0K), 0 survivors (0K)
 Metaspace       used 67988K, committed 68416K, reserved 1114112K
  class space    used 9255K, committed 9472K, reserved 1048576K
}

